# JRE version: Java(TM) SE Runtime Environment (8.0_121-b13) (build 1.8.0_121-b13)
# Java VM: Java HotSpot(TM) 64-Bit Server VM (25.121-b13 mixed mode windows-amd64 compressed oops)
Heap:
 PSYoungGen      total 29184K, used 24399K [0x00000000d6000000, 0x00000000d8400000, 0x0000000100000000)
  eden space 23040K, 86% used [0x00000000d6000000,0x00000000d7377ad8,0x00000000d7680000)
  from space 6144K, 72% used [0x00000000d7d00000,0x00000000d815c400,0x00000000d8300000)
  to   space 6656K, 0% used [0x00000000d7680000,0x00000000d7680000,0x00000000d7d00000)
 ParOldGen       total 86016K, used 3840K [0x0000000082000000, 0x0000000087400000, 0x00000000d6000000)
  object space 86016K, 4% used [0x0000000082000000,0x00000000823c0008,0x0000000087400000)
 Metaspace       used 10607K, capacity 10786K, committed 11008K, reserved 1058816K
  class space    used 1117K, capacity 1185K, committed 1280K, reserved 1048576K
GC Heap History (10 events):
Event: 792.559 GC heap before
{Heap before GC invocations=38 (full 0):
 PSYoungGen      total 30208K, used 28022K [0x00000000d6000000, 0x00000000d8400000, 0x0000000100000000)
  eden space 23552K, 100% used [0x00000000d6000000,0x00000000d7700000,0x00000000d7700000)
  from space 6656K, 67% used [0x00000000d7700000,0x00000000d7b5dbb8,0x00000000d7d80000)
  to   space 6656K, 0% used [0x00000000d7d80000,0x00000000d7d80000,0x00000000d8400000)
 ParOldGen       total 86016K, used 3759K [0x0000000082000000, 0x0000000087400000, 0x00000000d6000000)
  object space 86016K, 4% used [0x0000000082000000,0x00000000823abfd8,0x0000000087400000)
 Metaspace       used 10602K, capacity 10786K, committed 11008K, reserved 1058816K
  class space    used 1117K, capacity 1185K, committed 1280K, reserved 1048576K
Event: 792.561 GC heap after
Heap after GC invocations=38 (full 0):
 PSYoungGen      total 29184K, used 3001K [0x00000000d6000000, 0x00000000d8300000, 0x0000000100000000)
  eden space 23552K, 0% used [0x00000000d6000000,0x00000000d6000000,0x00000000d7700000)
  from space 5632K, 53% used [0x00000000d7d80000,0x00000000d806e7d0,0x00000000d8300000)
  to   space 6144K, 0% used [0x00000000d7700000,0x00000000d7700000,0x00000000d7d00000)
 ParOldGen       total 86016K, used 3775K [0x0000000082000000, 0x0000000087400000, 0x00000000d6000000)
  object space 86016K, 4% used [0x0000000082000000,0x00000000823affe8,0x0000000087400000)
 Metaspace       used 10602K, capacity 10786K, committed 11008K, reserved 1058816K
  class space    used 1117K, capacity 1185K, committed 1280K, reserved 1048576K
}
Event: 805.610 GC heap before
{Heap before GC invocations=39 (full 0):
 PSYoungGen      total 29184K, used 26553K [0x00000000d6000000, 0x00000000d8300000, 0x0000000100000000)
  eden space 23552K, 100% used [0x00000000d6000000,0x00000000d7700000,0x00000000d7700000)
  from space 5632K, 53% used [0x00000000d7d80000,0x00000000d806e7d0,0x00000000d8300000)
  to   space 6144K, 0% used [0x00000000d7700000,0x00000000d7700000,0x00000000d7d00000)
 ParOldGen       total 86016K, used 3775K [0x0000000082000000, 0x0000000087400000, 0x00000000d6000000)
  object space 86016K, 4% used [0x0000000082000000,0x00000000823affe8,0x0000000087400000)
 Metaspace       used 10603K, capacity 10786K, committed 11008K, reserved 1058816K
  class space    used 1117K, capacity 1185K, committed 1280K, reserved 1048576K
Event: 805.614 GC heap after
Heap after GC invocations=39 (full 0):
 PSYoungGen      total 29696K, used 3001K [0x00000000d6000000, 0x00000000d8300000, 0x0000000100000000)
  eden space 23552K, 0% used [0x00000000d6000000,0x00000000d6000000,0x00000000d7700000)
  from space 6144K, 48% used [0x00000000d7700000,0x00000000d79ee7d0,0x00000000d7d00000)
  to   space 6144K, 0% used [0x00000000d7d00000,0x00000000d7d00000,0x00000000d8300000)
 ParOldGen       total 86016K, used 3799K [0x0000000082000000, 0x0000000087400000, 0x00000000d6000000)
  object space 86016K, 4% used [0x0000000082000000,0x00000000823b5ff8,0x0000000087400000)
 Metaspace       used 10603K, capacity 10786K, committed 11008K, reserved 1058816K
  class space    used 1117K, capacity 1185K, committed 1280K, reserved 1048576K
}
Event: 823.025 GC heap before
{Heap before GC invocations=40 (full 0):
 PSYoungGen      total 29696K, used 25249K [0x00000000d6000000, 0x00000000d8300000, 0x0000000100000000)
  eden space 23552K, 94% used [0x00000000d6000000,0x00000000d75b9eb0,0x00000000d7700000)
  from space 6144K, 48% used [0x00000000d7700000,0x00000000d79ee7d0,0x00000000d7d00000)
  to   space 6144K, 0% used [0x00000000d7d00000,0x00000000d7d00000,0x00000000d8300000)
 ParOldGen       total 86016K, used 3799K [0x0000000082000000, 0x0000000087400000, 0x00000000d6000000)
  object space 86016K, 4% used [0x0000000082000000,0x00000000823b5ff8,0x0000000087400000)
 Metaspace       used 10603K, capacity 10786K, committed 11008K, reserved 1058816K
  class space    used 1117K, capacity 1185K, committed 1280K, reserved 1048576K
Event: 823.025 GC heap after
Heap after GC invocations=40 (full 0):
 PSYoungGen      total 29696K, used 160K [0x00000000d6000000, 0x00000000d8300000, 0x0000000100000000)
  eden space 23552K, 0% used [0x00000000d6000000,0x00000000d6000000,0x00000000d7700000)
  from space 6144K, 2% used [0x00000000d7d00000,0x00000000d7d28000,0x00000000d8300000)
  to   space 6144K, 0% used [0x00000000d7700000,0x00000000d7700000,0x00000000d7d00000)
 ParOldGen       total 86016K, used 3816K [0x0000000082000000, 0x0000000087400000, 0x00000000d6000000)
  object space 86016K, 4% used [0x0000000082000000,0x00000000823ba008,0x0000000087400000)
 Metaspace       used 10603K, capacity 10786K, committed 11008K, reserved 1058816K
  class space    used 1117K, capacity 1185K, committed 1280K, reserved 1048576K
}
Event: 840.566 GC heap before
{Heap before GC invocations=41 (full 0):
 PSYoungGen      total 29696K, used 23712K [0x00000000d6000000, 0x00000000d8300000, 0x0000000100000000)
  eden space 23552K, 100% used [0x00000000d6000000,0x00000000d7700000,0x00000000d7700000)
  from space 6144K, 2% used [0x00000000d7d00000,0x00000000d7d28000,0x00000000d8300000)
  to   space 6144K, 0% used [0x00000000d7700000,0x00000000d7700000,0x00000000d7d00000)
 ParOldGen       total 86016K, used 3816K [0x0000000082000000, 0x0000000087400000, 0x00000000d6000000)
  object space 86016K, 4% used [0x0000000082000000,0x00000000823ba008,0x0000000087400000)
 Metaspace       used 10603K, capacity 10786K, committed 11008K, reserved 1058816K
  class space    used 1117K, capacity 1185K, committed 1280K, reserved 1048576K
Event: 840.568 GC heap after
Heap after GC invocations=41 (full 0):
 PSYoungGen      total 29696K, used 96K [0x00000000d6000000, 0x00000000d8300000, 0x0000000100000000)
  eden space 23552K, 0% used [0x00000000d6000000,0x00000000d6000000,0x00000000d7700000)
  from space 6144K, 1% used [0x00000000d7700000,0x00000000d7718000,0x00000000d7d00000)
  to   space 6144K, 0% used [0x00000000d7d00000,0x00000000d7d00000,0x00000000d8300000)
 ParOldGen       total 86016K, used 3832K [0x0000000082000000, 0x0000000087400000, 0x00000000d6000000)
  object space 86016K, 4% used [0x0000000082000000,0x00000000823be008,0x0000000087400000)
 Metaspace       used 10603K, capacity 10786K, committed 11008K, reserved 1058816K
  class space    used 1117K, capacity 1185K, committed 1280K, reserved 1048576K
}
Event: 864.100 GC heap before
{Heap before GC invocations=42 (full 0):
 PSYoungGen      total 29696K, used 23648K [0x00000000d6000000, 0x00000000d8300000, 0x0000000100000000)
  eden space 23552K, 100% used [0x00000000d6000000,0x00000000d7700000,0x00000000d7700000)
  from space 6144K, 1% used [0x00000000d7700000,0x00000000d7718000,0x00000000d7d00000)
  to   space 6144K, 0% used [0x00000000d7d00000,0x00000000d7d00000,0x00000000d8300000)
 ParOldGen       total 86016K, used 3832K [0x0000000082000000, 0x0000000087400000, 0x00000000d6000000)
  object space 86016K, 4% used [0x0000000082000000,0x00000000823be008,0x0000000087400000)
 Metaspace       used 10603K, capacity 10786K, committed 11008K, reserved 1058816K
  class space    used 1117K, capacity 1185K, committed 1280K, reserved 1048576K
Event: 864.101 GC heap after
Heap after GC invocations=42 (full 0):
 PSYoungGen      total 29184K, used 4465K [0x00000000d6000000, 0x00000000d8400000, 0x0000000100000000)
  eden space 23040K, 0% used [0x00000000d6000000,0x00000000d6000000,0x00000000d7680000)
  from space 6144K, 72% used [0x00000000d7d00000,0x00000000d815c400,0x00000000d8300000)
  to   space 6656K, 0% used [0x00000000d7680000,0x00000000d7680000,0x00000000d7d00000)
 ParOldGen       total 86016K, used 3840K [0x0000000082000000, 0x0000000087400000, 0x00000000d6000000)
  object space 86016K, 4% used [0x0000000082000000,0x00000000823c0008,0x0000000087400000)
 Metaspace       used 10603K, capacity 10786K, committed 11008K, reserved 1058816K
  class space    used 1117K, capacity 1185K, committed 1280K, reserved 1048576K
}

