# JRE version: Java(TM) SE Runtime Environment (8.0_121-b13) (build 1.8.0_121-b13)
# Java VM: Java HotSpot(TM) 64-Bit Server VM (25.121-b13 mixed mode windows-amd64 compressed oops)
Heap:
 PSYoungGen      total 31744K, used 29611K [0x000000076b580000, 0x000000076d580000, 0x00000007c0000000)
  eden space 30720K, 95% used [0x000000076b580000,0x000000076d242fb0,0x000000076d380000)
  from space 1024K, 15% used [0x000000076d480000,0x000000076d4a8000,0x000000076d580000)
  to   space 1024K, 0% used [0x000000076d380000,0x000000076d380000,0x000000076d480000)
 ParOldGen       total 173568K, used 3805K [0x00000006c2000000, 0x00000006cc980000, 0x000000076b580000)
  object space 173568K, 2% used [0x00000006c2000000,0x00000006c23b7538,0x00000006cc980000)
 Metaspace       used 10791K, capacity 10926K, committed 11264K, reserved 1058816K
  class space    used 1119K, capacity 1185K, committed 1280K, reserved 1048576K
GC Heap History (10 events):
Event: 1681.088 GC heap before
{Heap before GC invocations=120 (full 0):
 PSYoungGen      total 31744K, used 29956K [0x000000076b580000, 0x000000076d580000, 0x00000007c0000000)
  eden space 30720K, 96% used [0x000000076b580000,0x000000076d2993a8,0x000000076d380000)
  from space 1024K, 15% used [0x000000076d380000,0x000000076d3a8000,0x000000076d480000)
  to   space 1024K, 0% used [0x000000076d480000,0x000000076d480000,0x000000076d580000)
 ParOldGen       total 173568K, used 3717K [0x00000006c2000000, 0x00000006cc980000, 0x000000076b580000)
  object space 173568K, 2% used [0x00000006c2000000,0x00000006c23a1538,0x00000006cc980000)
 Metaspace       used 10791K, capacity 10926K, committed 11264K, reserved 1058816K
  class space    used 1119K, capacity 1185K, committed 1280K, reserved 1048576K
Event: 1681.088 GC heap after
Heap after GC invocations=120 (full 0):
 PSYoungGen      total 31744K, used 160K [0x000000076b580000, 0x000000076d580000, 0x00000007c0000000)
  eden space 30720K, 0% used [0x000000076b580000,0x000000076b580000,0x000000076d380000)
  from space 1024K, 15% used [0x000000076d480000,0x000000076d4a8000,0x000000076d580000)
  to   space 1024K, 0% used [0x000000076d380000,0x000000076d380000,0x000000076d480000)
 ParOldGen       total 173568K, used 3741K [0x00000006c2000000, 0x00000006cc980000, 0x000000076b580000)
  object space 173568K, 2% used [0x00000006c2000000,0x00000006c23a7538,0x00000006cc980000)
 Metaspace       used 10791K, capacity 10926K, committed 11264K, reserved 1058816K
  class space    used 1119K, capacity 1185K, committed 1280K, reserved 1048576K
}
Event: 1692.872 GC heap before
{Heap before GC invocations=121 (full 0):
 PSYoungGen      total 31744K, used 30139K [0x000000076b580000, 0x000000076d580000, 0x00000007c0000000)
  eden space 30720K, 97% used [0x000000076b580000,0x000000076d2c6ed0,0x000000076d380000)
  from space 1024K, 15% used [0x000000076d480000,0x000000076d4a8000,0x000000076d580000)
  to   space 1024K, 0% used [0x000000076d380000,0x000000076d380000,0x000000076d480000)
 ParOldGen       total 173568K, used 3741K [0x00000006c2000000, 0x00000006cc980000, 0x000000076b580000)
  object space 173568K, 2% used [0x00000006c2000000,0x00000006c23a7538,0x00000006cc980000)
 Metaspace       used 10791K, capacity 10926K, committed 11264K, reserved 1058816K
  class space    used 1119K, capacity 1185K, committed 1280K, reserved 1048576K
Event: 1692.873 GC heap after
Heap after GC invocations=121 (full 0):
 PSYoungGen      total 31744K, used 160K [0x000000076b580000, 0x000000076d580000, 0x00000007c0000000)
  eden space 30720K, 0% used [0x000000076b580000,0x000000076b580000,0x000000076d380000)
  from space 1024K, 15% used [0x000000076d380000,0x000000076d3a8000,0x000000076d480000)
  to   space 1024K, 0% used [0x000000076d480000,0x000000076d480000,0x000000076d580000)
 ParOldGen       total 173568K, used 3757K [0x00000006c2000000, 0x00000006cc980000, 0x000000076b580000)
  object space 173568K, 2% used [0x00000006c2000000,0x00000006c23ab538,0x00000006cc980000)
 Metaspace       used 10791K, capacity 10926K, committed 11264K, reserved 1058816K
  class space    used 1119K, capacity 1185K, committed 1280K, reserved 1048576K
}
Event: 1703.099 GC heap before
{Heap before GC invocations=122 (full 0):
 PSYoungGen      total 31744K, used 29804K [0x000000076b580000, 0x000000076d580000, 0x00000007c0000000)
  eden space 30720K, 96% used [0x000000076b580000,0x000000076d273268,0x000000076d380000)
  from space 1024K, 15% used [0x000000076d380000,0x000000076d3a8000,0x000000076d480000)
  to   space 1024K, 0% used [0x000000076d480000,0x000000076d480000,0x000000076d580000)
 ParOldGen       total 173568K, used 3757K [0x00000006c2000000, 0x00000006cc980000, 0x000000076b580000)
  object space 173568K, 2% used [0x00000006c2000000,0x00000006c23ab538,0x00000006cc980000)
 Metaspace       used 10791K, capacity 10926K, committed 11264K, reserved 1058816K
  class space    used 1119K, capacity 1185K, committed 1280K, reserved 1048576K
Event: 1703.100 GC heap after
Heap after GC invocations=122 (full 0):
 PSYoungGen      total 31744K, used 160K [0x000000076b580000, 0x000000076d580000, 0x00000007c0000000)
  eden space 30720K, 0% used [0x000000076b580000,0x000000076b580000,0x000000076d380000)
  from space 1024K, 15% used [0x000000076d480000,0x000000076d4a8000,0x000000076d580000)
  to   space 1024K, 0% used [0x000000076d380000,0x000000076d380000,0x000000076d480000)
 ParOldGen       total 173568K, used 3773K [0x00000006c2000000, 0x00000006cc980000, 0x000000076b580000)
  object space 173568K, 2% used [0x00000006c2000000,0x00000006c23af538,0x00000006cc980000)
 Metaspace       used 10791K, capacity 10926K, committed 11264K, reserved 1058816K
  class space    used 1119K, capacity 1185K, committed 1280K, reserved 1048576K
}
Event: 1712.372 GC heap before
{Heap before GC invocations=123 (full 0):
 PSYoungGen      total 31744K, used 29409K [0x000000076b580000, 0x000000076d580000, 0x00000007c0000000)
  eden space 30720K, 95% used [0x000000076b580000,0x000000076d2105b0,0x000000076d380000)
  from space 1024K, 15% used [0x000000076d480000,0x000000076d4a8000,0x000000076d580000)
  to   space 1024K, 0% used [0x000000076d380000,0x000000076d380000,0x000000076d480000)
 ParOldGen       total 173568K, used 3773K [0x00000006c2000000, 0x00000006cc980000, 0x000000076b580000)
  object space 173568K, 2% used [0x00000006c2000000,0x00000006c23af538,0x00000006cc980000)
 Metaspace       used 10791K, capacity 10926K, committed 11264K, reserved 1058816K
  class space    used 1119K, capacity 1185K, committed 1280K, reserved 1048576K
Event: 1712.373 GC heap after
Heap after GC invocations=123 (full 0):
 PSYoungGen      total 31744K, used 160K [0x000000076b580000, 0x000000076d580000, 0x00000007c0000000)
  eden space 30720K, 0% used [0x000000076b580000,0x000000076b580000,0x000000076d380000)
  from space 1024K, 15% used [0x000000076d380000,0x000000076d3a8000,0x000000076d480000)
  to   space 1024K, 0% used [0x000000076d480000,0x000000076d480000,0x000000076d580000)
 ParOldGen       total 173568K, used 3789K [0x00000006c2000000, 0x00000006cc980000, 0x000000076b580000)
  object space 173568K, 2% used [0x00000006c2000000,0x00000006c23b3538,0x00000006cc980000)
 Metaspace       used 10791K, capacity 10926K, committed 11264K, reserved 1058816K
  class space    used 1119K, capacity 1185K, committed 1280K, reserved 1048576K
}
Event: 1724.580 GC heap before
{Heap before GC invocations=124 (full 0):
 PSYoungGen      total 31744K, used 30146K [0x000000076b580000, 0x000000076d580000, 0x00000007c0000000)
  eden space 30720K, 97% used [0x000000076b580000,0x000000076d2c8ba0,0x000000076d380000)
  from space 1024K, 15% used [0x000000076d380000,0x000000076d3a8000,0x000000076d480000)
  to   space 1024K, 0% used [0x000000076d480000,0x000000076d480000,0x000000076d580000)
 ParOldGen       total 173568K, used 3789K [0x00000006c2000000, 0x00000006cc980000, 0x000000076b580000)
  object space 173568K, 2% used [0x00000006c2000000,0x00000006c23b3538,0x00000006cc980000)
 Metaspace       used 10791K, capacity 10926K, committed 11264K, reserved 1058816K
  class space    used 1119K, capacity 1185K, committed 1280K, reserved 1048576K
Event: 1724.580 GC heap after
Heap after GC invocations=124 (full 0):
 PSYoungGen      total 31744K, used 160K [0x000000076b580000, 0x000000076d580000, 0x00000007c0000000)
  eden space 30720K, 0% used [0x000000076b580000,0x000000076b580000,0x000000076d380000)
  from space 1024K, 15% used [0x000000076d480000,0x000000076d4a8000,0x000000076d580000)
  to   space 1024K, 0% used [0x000000076d380000,0x000000076d380000,0x000000076d480000)
 ParOldGen       total 173568K, used 3805K [0x00000006c2000000, 0x00000006cc980000, 0x000000076b580000)
  object space 173568K, 2% used [0x00000006c2000000,0x00000006c23b7538,0x00000006cc980000)
 Metaspace       used 10791K, capacity 10926K, committed 11264K, reserved 1058816K
  class space    used 1119K, capacity 1185K, committed 1280K, reserved 1048576K
}

