# JRE version: Java(TM) SE Runtime Environment (8.0_121-b13) (build 1.8.0_121-b13)
# Java VM: Java HotSpot(TM) 64-Bit Server VM (25.121-b13 mixed mode windows-amd64 compressed oops)
Heap:
 PSYoungGen      total 31232K, used 25140K [0x000000076b580000, 0x000000076d500000, 0x00000007c0000000)
  eden space 30720K, 81% used [0x000000076b580000,0x000000076cddd030,0x000000076d380000)
  from space 512K, 37% used [0x000000076d480000,0x000000076d4b0000,0x000000076d500000)
  to   space 512K, 0% used [0x000000076d400000,0x000000076d400000,0x000000076d480000)
 ParOldGen       total 173568K, used 9352K [0x00000006c2000000, 0x00000006cc980000, 0x000000076b580000)
  object space 173568K, 5% used [0x00000006c2000000,0x00000006c2922298,0x00000006cc980000)
 Metaspace       used 10803K, capacity 10958K, committed 11264K, reserved 1058816K
  class space    used 1121K, capacity 1217K, committed 1280K, reserved 1048576K
GC Heap History (10 events):
Event: 3144.979 GC heap before
{Heap before GC invocations=258 (full 0):
 PSYoungGen      total 31232K, used 29712K [0x000000076b580000, 0x000000076d500000, 0x00000007c0000000)
  eden space 30720K, 96% used [0x000000076b580000,0x000000076d264238,0x000000076d380000)
  from space 512K, 25% used [0x000000076d400000,0x000000076d420000,0x000000076d480000)
  to   space 512K, 0% used [0x000000076d480000,0x000000076d480000,0x000000076d500000)
 ParOldGen       total 173568K, used 9240K [0x00000006c2000000, 0x00000006cc980000, 0x000000076b580000)
  object space 173568K, 5% used [0x00000006c2000000,0x00000006c2906298,0x00000006cc980000)
 Metaspace       used 10803K, capacity 10958K, committed 11264K, reserved 1058816K
  class space    used 1121K, capacity 1217K, committed 1280K, reserved 1048576K
Event: 3144.980 GC heap after
Heap after GC invocations=258 (full 0):
 PSYoungGen      total 31232K, used 160K [0x000000076b580000, 0x000000076d500000, 0x00000007c0000000)
  eden space 30720K, 0% used [0x000000076b580000,0x000000076b580000,0x000000076d380000)
  from space 512K, 31% used [0x000000076d480000,0x000000076d4a8000,0x000000076d500000)
  to   space 512K, 0% used [0x000000076d400000,0x000000076d400000,0x000000076d480000)
 ParOldGen       total 173568K, used 9264K [0x00000006c2000000, 0x00000006cc980000, 0x000000076b580000)
  object space 173568K, 5% used [0x00000006c2000000,0x00000006c290c298,0x00000006cc980000)
 Metaspace       used 10803K, capacity 10958K, committed 11264K, reserved 1058816K
  class space    used 1121K, capacity 1217K, committed 1280K, reserved 1048576K
}
Event: 3154.296 GC heap before
{Heap before GC invocations=259 (full 0):
 PSYoungGen      total 31232K, used 29860K [0x000000076b580000, 0x000000076d500000, 0x00000007c0000000)
  eden space 30720K, 96% used [0x000000076b580000,0x000000076d2813d0,0x000000076d380000)
  from space 512K, 31% used [0x000000076d480000,0x000000076d4a8000,0x000000076d500000)
  to   space 512K, 0% used [0x000000076d400000,0x000000076d400000,0x000000076d480000)
 ParOldGen       total 173568K, used 9264K [0x00000006c2000000, 0x00000006cc980000, 0x000000076b580000)
  object space 173568K, 5% used [0x00000006c2000000,0x00000006c290c298,0x00000006cc980000)
 Metaspace       used 10803K, capacity 10958K, committed 11264K, reserved 1058816K
  class space    used 1121K, capacity 1217K, committed 1280K, reserved 1048576K
Event: 3154.298 GC heap after
Heap after GC invocations=259 (full 0):
 PSYoungGen      total 31232K, used 192K [0x000000076b580000, 0x000000076d500000, 0x00000007c0000000)
  eden space 30720K, 0% used [0x000000076b580000,0x000000076b580000,0x000000076d380000)
  from space 512K, 37% used [0x000000076d400000,0x000000076d430000,0x000000076d480000)
  to   space 512K, 0% used [0x000000076d480000,0x000000076d480000,0x000000076d500000)
 ParOldGen       total 173568K, used 9288K [0x00000006c2000000, 0x00000006cc980000, 0x000000076b580000)
  object space 173568K, 5% used [0x00000006c2000000,0x00000006c2912298,0x00000006cc980000)
 Metaspace       used 10803K, capacity 10958K, committed 11264K, reserved 1058816K
  class space    used 1121K, capacity 1217K, committed 1280K, reserved 1048576K
}
Event: 3166.700 GC heap before
{Heap before GC invocations=260 (full 0):
 PSYoungGen      total 31232K, used 30077K [0x000000076b580000, 0x000000076d500000, 0x00000007c0000000)
  eden space 30720K, 97% used [0x000000076b580000,0x000000076d2af6c8,0x000000076d380000)
  from space 512K, 37% used [0x000000076d400000,0x000000076d430000,0x000000076d480000)
  to   space 512K, 0% used [0x000000076d480000,0x000000076d480000,0x000000076d500000)
 ParOldGen       total 173568K, used 9288K [0x00000006c2000000, 0x00000006cc980000, 0x000000076b580000)
  object space 173568K, 5% used [0x00000006c2000000,0x00000006c2912298,0x00000006cc980000)
 Metaspace       used 10803K, capacity 10958K, committed 11264K, reserved 1058816K
  class space    used 1121K, capacity 1217K, committed 1280K, reserved 1048576K
Event: 3166.701 GC heap after
Heap after GC invocations=260 (full 0):
 PSYoungGen      total 31232K, used 160K [0x000000076b580000, 0x000000076d500000, 0x00000007c0000000)
  eden space 30720K, 0% used [0x000000076b580000,0x000000076b580000,0x000000076d380000)
  from space 512K, 31% used [0x000000076d480000,0x000000076d4a8000,0x000000076d500000)
  to   space 512K, 0% used [0x000000076d400000,0x000000076d400000,0x000000076d480000)
 ParOldGen       total 173568K, used 9312K [0x00000006c2000000, 0x00000006cc980000, 0x000000076b580000)
  object space 173568K, 5% used [0x00000006c2000000,0x00000006c2918298,0x00000006cc980000)
 Metaspace       used 10803K, capacity 10958K, committed 11264K, reserved 1058816K
  class space    used 1121K, capacity 1217K, committed 1280K, reserved 1048576K
}
Event: 3179.068 GC heap before
{Heap before GC invocations=261 (full 0):
 PSYoungGen      total 31232K, used 30056K [0x000000076b580000, 0x000000076d500000, 0x00000007c0000000)
  eden space 30720K, 97% used [0x000000076b580000,0x000000076d2b2118,0x000000076d380000)
  from space 512K, 31% used [0x000000076d480000,0x000000076d4a8000,0x000000076d500000)
  to   space 512K, 0% used [0x000000076d400000,0x000000076d400000,0x000000076d480000)
 ParOldGen       total 173568K, used 9312K [0x00000006c2000000, 0x00000006cc980000, 0x000000076b580000)
  object space 173568K, 5% used [0x00000006c2000000,0x00000006c2918298,0x00000006cc980000)
 Metaspace       used 10803K, capacity 10958K, committed 11264K, reserved 1058816K
  class space    used 1121K, capacity 1217K, committed 1280K, reserved 1048576K
Event: 3179.069 GC heap after
Heap after GC invocations=261 (full 0):
 PSYoungGen      total 31232K, used 160K [0x000000076b580000, 0x000000076d500000, 0x00000007c0000000)
  eden space 30720K, 0% used [0x000000076b580000,0x000000076b580000,0x000000076d380000)
  from space 512K, 31% used [0x000000076d400000,0x000000076d428000,0x000000076d480000)
  to   space 512K, 0% used [0x000000076d480000,0x000000076d480000,0x000000076d500000)
 ParOldGen       total 173568K, used 9328K [0x00000006c2000000, 0x00000006cc980000, 0x000000076b580000)
  object space 173568K, 5% used [0x00000006c2000000,0x00000006c291c298,0x00000006cc980000)
 Metaspace       used 10803K, capacity 10958K, committed 11264K, reserved 1058816K
  class space    used 1121K, capacity 1217K, committed 1280K, reserved 1048576K
}
Event: 3191.421 GC heap before
{Heap before GC invocations=262 (full 0):
 PSYoungGen      total 31232K, used 30237K [0x000000076b580000, 0x000000076d500000, 0x00000007c0000000)
  eden space 30720K, 97% used [0x000000076b580000,0x000000076d2df708,0x000000076d380000)
  from space 512K, 31% used [0x000000076d400000,0x000000076d428000,0x000000076d480000)
  to   space 512K, 0% used [0x000000076d480000,0x000000076d480000,0x000000076d500000)
 ParOldGen       total 173568K, used 9328K [0x00000006c2000000, 0x00000006cc980000, 0x000000076b580000)
  object space 173568K, 5% used [0x00000006c2000000,0x00000006c291c298,0x00000006cc980000)
 Metaspace       used 10803K, capacity 10958K, committed 11264K, reserved 1058816K
  class space    used 1121K, capacity 1217K, committed 1280K, reserved 1048576K
Event: 3191.422 GC heap after
Heap after GC invocations=262 (full 0):
 PSYoungGen      total 31232K, used 192K [0x000000076b580000, 0x000000076d500000, 0x00000007c0000000)
  eden space 30720K, 0% used [0x000000076b580000,0x000000076b580000,0x000000076d380000)
  from space 512K, 37% used [0x000000076d480000,0x000000076d4b0000,0x000000076d500000)
  to   space 512K, 0% used [0x000000076d400000,0x000000076d400000,0x000000076d480000)
 ParOldGen       total 173568K, used 9352K [0x00000006c2000000, 0x00000006cc980000, 0x000000076b580000)
  object space 173568K, 5% used [0x00000006c2000000,0x00000006c2922298,0x00000006cc980000)
 Metaspace       used 10803K, capacity 10958K, committed 11264K, reserved 1058816K
  class space    used 1121K, capacity 1217K, committed 1280K, reserved 1048576K
}

