# JRE version: Java(TM) SE Runtime Environment (8.0_121-b13) (build 1.8.0_121-b13)
# Java VM: Java HotSpot(TM) 64-Bit Server VM (25.121-b13 mixed mode windows-amd64 compressed oops)
Heap:
 PSYoungGen      total 33280K, used 15385K [0x000000076b580000, 0x000000076d880000, 0x00000007c0000000)
  eden space 30720K, 49% used [0x000000076b580000,0x000000076c45e7f0,0x000000076d380000)
  from space 2560K, 6% used [0x000000076d600000,0x000000076d628000,0x000000076d880000)
  to   space 2560K, 0% used [0x000000076d380000,0x000000076d380000,0x000000076d600000)
 ParOldGen       total 173568K, used 3093K [0x00000006c2000000, 0x00000006cc980000, 0x000000076b580000)
  object space 173568K, 1% used [0x00000006c2000000,0x00000006c2305458,0x00000006cc980000)
 Metaspace       used 10777K, capacity 10958K, committed 11264K, reserved 1058816K
  class space    used 1120K, capacity 1217K, committed 1280K, reserved 1048576K
GC Heap History (10 events):
Event: 1176.469 GC heap before
{Heap before GC invocations=76 (full 0):
 PSYoungGen      total 34304K, used 30136K [0x000000076b580000, 0x000000076da80000, 0x00000007c0000000)
  eden space 30720K, 97% used [0x000000076b580000,0x000000076d2ce248,0x000000076d380000)
  from space 3584K, 3% used [0x000000076d380000,0x000000076d3a0000,0x000000076d700000)
  to   space 3584K, 0% used [0x000000076d700000,0x000000076d700000,0x000000076da80000)
 ParOldGen       total 173568K, used 2989K [0x00000006c2000000, 0x00000006cc980000, 0x000000076b580000)
  object space 173568K, 1% used [0x00000006c2000000,0x00000006c22eb458,0x00000006cc980000)
 Metaspace       used 10767K, capacity 10958K, committed 11264K, reserved 1058816K
  class space    used 1120K, capacity 1217K, committed 1280K, reserved 1048576K
Event: 1176.470 GC heap after
Heap after GC invocations=76 (full 0):
 PSYoungGen      total 33280K, used 160K [0x000000076b580000, 0x000000076d980000, 0x00000007c0000000)
  eden space 30720K, 0% used [0x000000076b580000,0x000000076b580000,0x000000076d380000)
  from space 2560K, 6% used [0x000000076d700000,0x000000076d728000,0x000000076d980000)
  to   space 3072K, 0% used [0x000000076d380000,0x000000076d380000,0x000000076d680000)
 ParOldGen       total 173568K, used 3005K [0x00000006c2000000, 0x00000006cc980000, 0x000000076b580000)
  object space 173568K, 1% used [0x00000006c2000000,0x00000006c22ef458,0x00000006cc980000)
 Metaspace       used 10767K, capacity 10958K, committed 11264K, reserved 1058816K
  class space    used 1120K, capacity 1217K, committed 1280K, reserved 1048576K
}
Event: 1188.362 GC heap before
{Heap before GC invocations=77 (full 0):
 PSYoungGen      total 33280K, used 29776K [0x000000076b580000, 0x000000076d980000, 0x00000007c0000000)
  eden space 30720K, 96% used [0x000000076b580000,0x000000076d26c0a8,0x000000076d380000)
  from space 2560K, 6% used [0x000000076d700000,0x000000076d728000,0x000000076d980000)
  to   space 3072K, 0% used [0x000000076d380000,0x000000076d380000,0x000000076d680000)
 ParOldGen       total 173568K, used 3005K [0x00000006c2000000, 0x00000006cc980000, 0x000000076b580000)
  object space 173568K, 1% used [0x00000006c2000000,0x00000006c22ef458,0x00000006cc980000)
 Metaspace       used 10767K, capacity 10958K, committed 11264K, reserved 1058816K
  class space    used 1120K, capacity 1217K, committed 1280K, reserved 1048576K
Event: 1188.362 GC heap after
Heap after GC invocations=77 (full 0):
 PSYoungGen      total 33792K, used 160K [0x000000076b580000, 0x000000076d980000, 0x00000007c0000000)
  eden space 30720K, 0% used [0x000000076b580000,0x000000076b580000,0x000000076d380000)
  from space 3072K, 5% used [0x000000076d380000,0x000000076d3a8000,0x000000076d680000)
  to   space 3072K, 0% used [0x000000076d680000,0x000000076d680000,0x000000076d980000)
 ParOldGen       total 173568K, used 3021K [0x00000006c2000000, 0x00000006cc980000, 0x000000076b580000)
  object space 173568K, 1% used [0x00000006c2000000,0x00000006c22f3458,0x00000006cc980000)
 Metaspace       used 10767K, capacity 10958K, committed 11264K, reserved 1058816K
  class space    used 1120K, capacity 1217K, committed 1280K, reserved 1048576K
}
Event: 1198.630 GC heap before
{Heap before GC invocations=78 (full 0):
 PSYoungGen      total 33792K, used 29821K [0x000000076b580000, 0x000000076d980000, 0x00000007c0000000)
  eden space 30720K, 96% used [0x000000076b580000,0x000000076d2774b0,0x000000076d380000)
  from space 3072K, 5% used [0x000000076d380000,0x000000076d3a8000,0x000000076d680000)
  to   space 3072K, 0% used [0x000000076d680000,0x000000076d680000,0x000000076d980000)
 ParOldGen       total 173568K, used 3021K [0x00000006c2000000, 0x00000006cc980000, 0x000000076b580000)
  object space 173568K, 1% used [0x00000006c2000000,0x00000006c22f3458,0x00000006cc980000)
 Metaspace       used 10769K, capacity 10958K, committed 11264K, reserved 1058816K
  class space    used 1120K, capacity 1217K, committed 1280K, reserved 1048576K
Event: 1198.631 GC heap after
Heap after GC invocations=78 (full 0):
 PSYoungGen      total 32768K, used 160K [0x000000076b580000, 0x000000076d880000, 0x00000007c0000000)
  eden space 30720K, 0% used [0x000000076b580000,0x000000076b580000,0x000000076d380000)
  from space 2048K, 7% used [0x000000076d680000,0x000000076d6a8000,0x000000076d880000)
  to   space 2560K, 0% used [0x000000076d380000,0x000000076d380000,0x000000076d600000)
 ParOldGen       total 173568K, used 3045K [0x00000006c2000000, 0x00000006cc980000, 0x000000076b580000)
  object space 173568K, 1% used [0x00000006c2000000,0x00000006c22f9458,0x00000006cc980000)
 Metaspace       used 10769K, capacity 10958K, committed 11264K, reserved 1058816K
  class space    used 1120K, capacity 1217K, committed 1280K, reserved 1048576K
}
Event: 1210.451 GC heap before
{Heap before GC invocations=79 (full 0):
 PSYoungGen      total 32768K, used 30042K [0x000000076b580000, 0x000000076d880000, 0x00000007c0000000)
  eden space 30720K, 97% used [0x000000076b580000,0x000000076d2aea88,0x000000076d380000)
  from space 2048K, 7% used [0x000000076d680000,0x000000076d6a8000,0x000000076d880000)
  to   space 2560K, 0% used [0x000000076d380000,0x000000076d380000,0x000000076d600000)
 ParOldGen       total 173568K, used 3045K [0x00000006c2000000, 0x00000006cc980000, 0x000000076b580000)
  object space 173568K, 1% used [0x00000006c2000000,0x00000006c22f9458,0x00000006cc980000)
 Metaspace       used 10774K, capacity 10958K, committed 11264K, reserved 1058816K
  class space    used 1120K, capacity 1217K, committed 1280K, reserved 1048576K
Event: 1210.452 GC heap after
Heap after GC invocations=79 (full 0):
 PSYoungGen      total 33280K, used 192K [0x000000076b580000, 0x000000076d880000, 0x00000007c0000000)
  eden space 30720K, 0% used [0x000000076b580000,0x000000076b580000,0x000000076d380000)
  from space 2560K, 7% used [0x000000076d380000,0x000000076d3b0000,0x000000076d600000)
  to   space 2560K, 0% used [0x000000076d600000,0x000000076d600000,0x000000076d880000)
 ParOldGen       total 173568K, used 3069K [0x00000006c2000000, 0x00000006cc980000, 0x000000076b580000)
  object space 173568K, 1% used [0x00000006c2000000,0x00000006c22ff458,0x00000006cc980000)
 Metaspace       used 10774K, capacity 10958K, committed 11264K, reserved 1058816K
  class space    used 1120K, capacity 1217K, committed 1280K, reserved 1048576K
}
Event: 1222.853 GC heap before
{Heap before GC invocations=80 (full 0):
 PSYoungGen      total 33280K, used 29568K [0x000000076b580000, 0x000000076d880000, 0x00000007c0000000)
  eden space 30720K, 95% used [0x000000076b580000,0x000000076d2303f0,0x000000076d380000)
  from space 2560K, 7% used [0x000000076d380000,0x000000076d3b0000,0x000000076d600000)
  to   space 2560K, 0% used [0x000000076d600000,0x000000076d600000,0x000000076d880000)
 ParOldGen       total 173568K, used 3069K [0x00000006c2000000, 0x00000006cc980000, 0x000000076b580000)
  object space 173568K, 1% used [0x00000006c2000000,0x00000006c22ff458,0x00000006cc980000)
 Metaspace       used 10776K, capacity 10958K, committed 11264K, reserved 1058816K
  class space    used 1120K, capacity 1217K, committed 1280K, reserved 1048576K
Event: 1222.854 GC heap after
Heap after GC invocations=80 (full 0):
 PSYoungGen      total 33280K, used 160K [0x000000076b580000, 0x000000076d880000, 0x00000007c0000000)
  eden space 30720K, 0% used [0x000000076b580000,0x000000076b580000,0x000000076d380000)
  from space 2560K, 6% used [0x000000076d600000,0x000000076d628000,0x000000076d880000)
  to   space 2560K, 0% used [0x000000076d380000,0x000000076d380000,0x000000076d600000)
 ParOldGen       total 173568K, used 3093K [0x00000006c2000000, 0x00000006cc980000, 0x000000076b580000)
  object space 173568K, 1% used [0x00000006c2000000,0x00000006c2305458,0x00000006cc980000)
 Metaspace       used 10776K, capacity 10958K, committed 11264K, reserved 1058816K
  class space    used 1120K, capacity 1217K, committed 1280K, reserved 1048576K
}

